[INFO] Scanning for projects...
[INFO] 
[INFO] ---------------------< com.mediahub:user-service >----------------------
[INFO] Building user-service 0.0.1-SNAPSHOT
[INFO]   from pom.xml
[INFO] --------------------------------[ jar ]---------------------------------
[INFO] 
[INFO] >>> spring-boot:4.0.3:run (default-cli) > test-compile @ user-service >>>
[INFO] 
[INFO] --- resources:3.3.1:resources (default-resources) @ user-service ---
[INFO] Copying 0 resource from src/main/resources to target/classes
[INFO] Copying 1 resource from src/main/resources to target/classes
[INFO] 
[INFO] --- compiler:3.14.1:compile (default-compile) @ user-service ---
[INFO] Nothing to compile - all classes are up to date.
[INFO] 
[INFO] --- resources:3.3.1:testResources (default-testResources) @ user-service ---
[INFO] skip non existing resourceDirectory /home/malik/Desktop/Mediahub-Microservices/user-service/src/test/resources
[INFO] 
[INFO] --- compiler:3.14.1:testCompile (default-testCompile) @ user-service ---
[INFO] Nothing to compile - all classes are up to date.
[INFO] 
[INFO] <<< spring-boot:4.0.3:run (default-cli) < test-compile @ user-service <<<
[INFO] 
[INFO] 
[INFO] --- spring-boot:4.0.3:run (default-cli) @ user-service ---
[INFO] Attaching agents: []

  .   ____          _            __ _ _
 /\\ / ___'_ __ _ _(_)_ __  __ _ \ \ \ \
( ( )\___ | '_ | '_| | '_ \/ _` | \ \ \ \
 \\/  ___)| |_)| | | | | || (_| |  ) ) ) )
  '  |____| .__|_| |_|_| |_\__, | / / / /
 =========|_|==============|___/=/_/_/_/

 :: Spring Boot ::                (v4.0.3)

2026-03-06T20:06:40.413Z  INFO 801874 --- [user-service] [           main] c.c.c.ConfigServicePropertySourceLocator : Fetching config from server at : http://localhost:8888
2026-03-06T20:06:43.215Z  INFO 801874 --- [user-service] [           main] c.c.c.ConfigServicePropertySourceLocator : Located environment: name=user-service, profiles=[dev], label=null, version=44fe8c626cb2f249c1b15a1e4f03601dac316b70, state=
2026-03-06T20:06:43.216Z  INFO 801874 --- [user-service] [           main] b.c.PropertySourceBootstrapConfiguration : Located property source: [BootstrapPropertySource {name='bootstrapProperties-configClient'}, BootstrapPropertySource {name='bootstrapProperties-https://github.com/A-007481D/mediahub-config-repo.git/user-service.yml'}, BootstrapPropertySource {name='bootstrapProperties-https://github.com/A-007481D/mediahub-config-repo.git/application.yml'}]
2026-03-06T20:06:43.223Z  INFO 801874 --- [user-service] [           main] c.m.user_service.UserServiceApplication  : The following 1 profile is active: "dev"
2026-03-06T20:06:43.773Z  INFO 801874 --- [user-service] [           main] .s.d.r.c.RepositoryConfigurationDelegate : Bootstrapping Spring Data JPA repositories in DEFAULT mode.
2026-03-06T20:06:43.787Z  INFO 801874 --- [user-service] [           main] .s.d.r.c.RepositoryConfigurationDelegate : Finished Spring Data repository scanning in 5 ms. Found 0 JPA repository interfaces.
2026-03-06T20:06:44.004Z  INFO 801874 --- [user-service] [           main] o.s.cloud.context.scope.GenericScope     : BeanFactory id=38e35fa6-4e36-305a-b420-f9fdd986cc31
2026-03-06T20:06:44.462Z  INFO 801874 --- [user-service] [           main] o.s.boot.tomcat.TomcatWebServer          : Tomcat initialized with port 8081 (http)
2026-03-06T20:06:44.474Z  INFO 801874 --- [user-service] [           main] o.apache.catalina.core.StandardService   : Starting service [Tomcat]
2026-03-06T20:06:44.474Z  INFO 801874 --- [user-service] [           main] o.apache.catalina.core.StandardEngine    : Starting Servlet engine: [Apache Tomcat/11.0.18]
2026-03-06T20:06:44.529Z  INFO 801874 --- [user-service] [           main] b.w.c.s.WebApplicationContextInitializer : Root WebApplicationContext: initialization completed in 1294 ms
2026-03-06T20:06:44.861Z  INFO 801874 --- [user-service] [           main] org.hibernate.orm.jpa                    : HHH008540: Processing PersistenceUnitInfo [name: default]
2026-03-06T20:06:44.909Z  INFO 801874 --- [user-service] [           main] org.hibernate.orm.core                   : HHH000001: Hibernate ORM core version 7.2.4.Final
2026-03-06T20:06:45.253Z  INFO 801874 --- [user-service] [           main] o.s.o.j.p.SpringPersistenceUnitInfo      : No LoadTimeWeaver setup: ignoring JPA class transformer
2026-03-06T20:06:45.281Z  INFO 801874 --- [user-service] [           main] com.zaxxer.hikari.HikariDataSource       : HikariPool-1 - Starting...
2026-03-06T20:06:45.432Z  INFO 801874 --- [user-service] [           main] com.zaxxer.hikari.pool.HikariPool        : HikariPool-1 - Added connection org.postgresql.jdbc.PgConnection@63af52a6
2026-03-06T20:06:45.433Z  INFO 801874 --- [user-service] [           main] com.zaxxer.hikari.HikariDataSource       : HikariPool-1 - Start completed.
2026-03-06T20:06:45.459Z  WARN 801874 --- [user-service] [           main] org.hibernate.orm.deprecation            : HHH90000025: PostgreSQLDialect does not need to be specified explicitly using 'hibernate.dialect' (remove the property setting and it will be selected by default)
2026-03-06T20:06:45.477Z  INFO 801874 --- [user-service] [           main] org.hibernate.orm.connections.pooling    : HHH10001005: Database info:
	Database JDBC URL [jdbc:postgresql://localhost:5433/mediahub_user]
	Database driver: PostgreSQL JDBC Driver
	Database dialect: PostgreSQLDialect
	Database version: 15.15
	Default catalog/schema: mediahub_user/public
	Autocommit mode: undefined/unknown
	Isolation level: READ_COMMITTED [default READ_COMMITTED]
	JDBC fetch size: none
	Pool: DataSourceConnectionProvider
	Minimum pool size: undefined/unknown
	Maximum pool size: undefined/unknown
2026-03-06T20:06:45.852Z  INFO 801874 --- [user-service] [           main] org.hibernate.orm.core                   : HHH000489: No JTA platform available (set 'hibernate.transaction.jta.platform' to enable JTA platform integration)
2026-03-06T20:06:45.859Z  INFO 801874 --- [user-service] [           main] j.LocalContainerEntityManagerFactoryBean : Initialized JPA EntityManagerFactory for persistence unit 'default'
2026-03-06T20:06:45.907Z  WARN 801874 --- [user-service] [           main] JpaBaseConfiguration$JpaWebConfiguration : spring.jpa.open-in-view is enabled by default. Therefore, database queries may be performed during view rendering. Explicitly configure spring.jpa.open-in-view to disable this warning
2026-03-06T20:06:47.249Z  INFO 801874 --- [user-service] [           main] o.s.cloud.commons.util.InetUtils         : Cannot determine local hostname
2026-03-06T20:06:47.988Z  INFO 801874 --- [user-service] [           main] DiscoveryClientOptionalArgsConfiguration : Eureka HTTP Client uses RestClient.
2026-03-06T20:06:48.041Z  WARN 801874 --- [user-service] [           main] iguration$LoadBalancerCaffeineWarnLogger : Spring Cloud LoadBalancer is currently working with the default cache. While this cache implementation is useful for development and tests, it's recommended to use Caffeine cache in production.You can switch to using Caffeine cache, by adding it and org.springframework.cache.caffeine.CaffeineCacheManager to the classpath.
2026-03-06T20:06:48.068Z  INFO 801874 --- [user-service] [           main] o.s.b.a.e.web.EndpointLinksResolver      : Exposing 3 endpoints beneath base path '/actuator'
2026-03-06T20:06:48.162Z  INFO 801874 --- [user-service] [           main] o.s.c.n.eureka.InstanceInfoFactory       : Setting initial instance status as: STARTING
2026-03-06T20:06:48.195Z  INFO 801874 --- [user-service] [           main] com.netflix.discovery.DiscoveryClient    : Initializing Eureka in region us-east-1
2026-03-06T20:06:48.200Z  INFO 801874 --- [user-service] [           main] c.n.d.s.r.aws.ConfigClusterResolver      : Resolving eureka endpoints via configuration
2026-03-06T20:06:48.212Z  INFO 801874 --- [user-service] [           main] com.netflix.discovery.DiscoveryClient    : Disable delta property : false
2026-03-06T20:06:48.212Z  INFO 801874 --- [user-service] [           main] com.netflix.discovery.DiscoveryClient    : Single vip registry refresh property : null
2026-03-06T20:06:48.213Z  INFO 801874 --- [user-service] [           main] com.netflix.discovery.DiscoveryClient    : Force full registry fetch : false
2026-03-06T20:06:48.214Z  INFO 801874 --- [user-service] [           main] com.netflix.discovery.DiscoveryClient    : Application is null : false
2026-03-06T20:06:48.214Z  INFO 801874 --- [user-service] [           main] com.netflix.discovery.DiscoveryClient    : Registered Applications size is zero : true
2026-03-06T20:06:48.215Z  INFO 801874 --- [user-service] [           main] com.netflix.discovery.DiscoveryClient    : Application version is -1: true
2026-03-06T20:06:48.216Z  INFO 801874 --- [user-service] [           main] com.netflix.discovery.DiscoveryClient    : Getting all instance registry info from the eureka server
2026-03-06T20:06:48.503Z  INFO 801874 --- [user-service] [           main] com.netflix.discovery.DiscoveryClient    : The response status is 200
2026-03-06T20:06:48.504Z  INFO 801874 --- [user-service] [           main] com.netflix.discovery.DiscoveryClient    : Starting heartbeat executor: renew interval is: 30
2026-03-06T20:06:48.506Z  INFO 801874 --- [user-service] [           main] c.n.discovery.InstanceInfoReplicator     : InstanceInfoReplicator onDemand update allowed rate per min is 4
2026-03-06T20:06:48.507Z  INFO 801874 --- [user-service] [           main] com.netflix.discovery.DiscoveryClient    : Discovery Client initialized at timestamp 1772827608507 with initial instances count: 4
2026-03-06T20:06:48.510Z  INFO 801874 --- [user-service] [           main] o.s.c.n.e.s.EurekaServiceRegistry        : Registering application USER-SERVICE with eureka with status UP
2026-03-06T20:06:48.511Z  INFO 801874 --- [user-service] [           main] com.netflix.discovery.DiscoveryClient    : Saw local status change event StatusChangeEvent [timestamp=1772827608511, current=UP, previous=STARTING]
2026-03-06T20:06:48.512Z  INFO 801874 --- [user-service] [foReplicator-%d] com.netflix.discovery.DiscoveryClient    : DiscoveryClient_USER-SERVICE/192.168.0.117:user-service:8081: registering service...
2026-03-06T20:06:48.534Z  INFO 801874 --- [user-service] [           main] o.s.boot.tomcat.TomcatWebServer          : Tomcat started on port 8081 (http) with context path '/'
2026-03-06T20:06:48.535Z  INFO 801874 --- [user-service] [           main] .s.c.n.e.s.EurekaAutoServiceRegistration : Updating port to 8081
2026-03-06T20:06:48.552Z  INFO 801874 --- [user-service] [foReplicator-%d] com.netflix.discovery.DiscoveryClient    : DiscoveryClient_USER-SERVICE/192.168.0.117:user-service:8081 - registration status: 204
2026-03-06T20:06:48.891Z  INFO 801874 --- [user-service] [           main] c.m.user_service.UserServiceApplication  : Started UserServiceApplication in 10.307 seconds (process running for 10.772)
2026-03-06T20:07:00.140Z  INFO 801874 --- [user-service] [nio-8081-exec-1] o.a.c.c.C.[Tomcat].[localhost].[/]       : Initializing Spring DispatcherServlet 'dispatcherServlet'
2026-03-06T20:07:00.140Z  INFO 801874 --- [user-service] [nio-8081-exec-1] o.s.web.servlet.DispatcherServlet        : Initializing Servlet 'dispatcherServlet'
2026-03-06T20:07:00.142Z  INFO 801874 --- [user-service] [nio-8081-exec-1] o.s.web.servlet.DispatcherServlet        : Completed initialization in 2 ms
2026-03-06T20:11:48.218Z  INFO 801874 --- [user-service] [rap-executor-%d] c.n.d.s.r.aws.ConfigClusterResolver      : Resolving eureka endpoints via configuration
2026-03-06T20:16:48.219Z  INFO 801874 --- [user-service] [rap-executor-%d] c.n.d.s.r.aws.ConfigClusterResolver      : Resolving eureka endpoints via configuration
2026-03-06T20:21:48.641Z  INFO 801874 --- [user-service] [rap-executor-%d] c.n.d.s.r.aws.ConfigClusterResolver      : Resolving eureka endpoints via configuration
2026-03-06T20:26:48.642Z  INFO 801874 --- [user-service] [rap-executor-%d] c.n.d.s.r.aws.ConfigClusterResolver      : Resolving eureka endpoints via configuration
